CRITICAL - 2023-09-28 18:07:04 --> Maximum execution time of 60 seconds exceeded
in SYSTEMPATH\Autoloader\Autoloader.php on line 252.
 1 [internal function]: CodeIgniter\Debug\Exceptions->shutdownHandler()
ERROR - 2023-09-28 19:56:40 --> mysqli_sql_exception: Table 'estudiantec.alumnos' doesn't exist in C:\xampp\htdocs\DesarrolloAppWeb2023\system\Database\MySQLi\Connection.php:306
Stack trace:
#0 C:\xampp\htdocs\DesarrolloAppWeb2023\system\Database\MySQLi\Connection.php(306): mysqli->query('SELECT *\nFROM `...', 0)
#1 C:\xampp\htdocs\DesarrolloAppWeb2023\system\Database\BaseConnection.php(692): CodeIgniter\Database\MySQLi\Connection->execute('SELECT *\nFROM `...')
#2 C:\xampp\htdocs\DesarrolloAppWeb2023\system\Database\BaseConnection.php(606): CodeIgniter\Database\BaseConnection->simpleQuery('SELECT *\nFROM `...')
#3 C:\xampp\htdocs\DesarrolloAppWeb2023\system\Database\BaseBuilder.php(1615): CodeIgniter\Database\BaseConnection->query('SELECT *\nFROM `...', Array, false)
#4 C:\xampp\htdocs\DesarrolloAppWeb2023\system\Model.php(237): CodeIgniter\Database\BaseBuilder->get()
#5 C:\xampp\htdocs\DesarrolloAppWeb2023\system\BaseModel.php(624): CodeIgniter\Model->doFindAll(0, 0)
#6 C:\xampp\htdocs\DesarrolloAppWeb2023\app\Controllers\Alumno.php(16): CodeIgniter\BaseModel->findAll()
#7 C:\xampp\htdocs\DesarrolloAppWeb2023\system\CodeIgniter.php(919): App\Controllers\Alumno->mostrar()
#8 C:\xampp\htdocs\DesarrolloAppWeb2023\system\CodeIgniter.php(494): CodeIgniter\CodeIgniter->runController(Object(App\Controllers\Alumno))
#9 C:\xampp\htdocs\DesarrolloAppWeb2023\system\CodeIgniter.php(353): CodeIgniter\CodeIgniter->handleRequest(NULL, Object(Config\Cache), false)
#10 C:\xampp\htdocs\DesarrolloAppWeb2023\public\index.php(79): CodeIgniter\CodeIgniter->run()
#11 C:\xampp\htdocs\DesarrolloAppWeb2023\system\Commands\Server\rewrite.php(47): require_once('C:\\xampp\\htdocs...')
#12 {main}
CRITICAL - 2023-09-28 19:56:40 --> Table 'estudiantec.alumnos' doesn't exist
in SYSTEMPATH\Database\BaseConnection.php on line 646.
 1 SYSTEMPATH\Database\BaseBuilder.php(1615): CodeIgniter\Database\BaseConnection->query('SELECT *
FROM `alumnos`', [], false)
 2 SYSTEMPATH\Model.php(237): CodeIgniter\Database\BaseBuilder->get()
 3 SYSTEMPATH\BaseModel.php(624): CodeIgniter\Model->doFindAll(0, 0)
 4 APPPATH\Controllers\Alumno.php(16): CodeIgniter\BaseModel->findAll()
 5 SYSTEMPATH\CodeIgniter.php(919): App\Controllers\Alumno->mostrar()
 6 SYSTEMPATH\CodeIgniter.php(494): CodeIgniter\CodeIgniter->runController(Object(App\Controllers\Alumno))
 7 SYSTEMPATH\CodeIgniter.php(353): CodeIgniter\CodeIgniter->handleRequest(null, Object(Config\Cache), false)
 8 FCPATH\index.php(79): CodeIgniter\CodeIgniter->run()
 9 SYSTEMPATH\Commands\Server\rewrite.php(47): require_once('C:\\xampp\\htdocs\\DesarrolloAppWeb2023\\public\\index.php')
ERROR - 2023-09-28 19:57:47 --> mysqli_sql_exception: Table 'estudiantec.alumnos' doesn't exist in C:\xampp\htdocs\DesarrolloAppWeb2023\system\Database\MySQLi\Connection.php:306
Stack trace:
#0 C:\xampp\htdocs\DesarrolloAppWeb2023\system\Database\MySQLi\Connection.php(306): mysqli->query('SELECT *\nFROM `...', 0)
#1 C:\xampp\htdocs\DesarrolloAppWeb2023\system\Database\BaseConnection.php(692): CodeIgniter\Database\MySQLi\Connection->execute('SELECT *\nFROM `...')
#2 C:\xampp\htdocs\DesarrolloAppWeb2023\system\Database\BaseConnection.php(606): CodeIgniter\Database\BaseConnection->simpleQuery('SELECT *\nFROM `...')
#3 C:\xampp\htdocs\DesarrolloAppWeb2023\system\Database\BaseBuilder.php(1615): CodeIgniter\Database\BaseConnection->query('SELECT *\nFROM `...', Array, false)
#4 C:\xampp\htdocs\DesarrolloAppWeb2023\system\Model.php(237): CodeIgniter\Database\BaseBuilder->get()
#5 C:\xampp\htdocs\DesarrolloAppWeb2023\system\BaseModel.php(624): CodeIgniter\Model->doFindAll(0, 0)
#6 C:\xampp\htdocs\DesarrolloAppWeb2023\app\Controllers\Alumno.php(16): CodeIgniter\BaseModel->findAll()
#7 C:\xampp\htdocs\DesarrolloAppWeb2023\system\CodeIgniter.php(919): App\Controllers\Alumno->mostrar()
#8 C:\xampp\htdocs\DesarrolloAppWeb2023\system\CodeIgniter.php(494): CodeIgniter\CodeIgniter->runController(Object(App\Controllers\Alumno))
#9 C:\xampp\htdocs\DesarrolloAppWeb2023\system\CodeIgniter.php(353): CodeIgniter\CodeIgniter->handleRequest(NULL, Object(Config\Cache), false)
#10 C:\xampp\htdocs\DesarrolloAppWeb2023\public\index.php(79): CodeIgniter\CodeIgniter->run()
#11 C:\xampp\htdocs\DesarrolloAppWeb2023\system\Commands\Server\rewrite.php(47): require_once('C:\\xampp\\htdocs...')
#12 {main}
CRITICAL - 2023-09-28 19:57:47 --> Table 'estudiantec.alumnos' doesn't exist
in SYSTEMPATH\Database\BaseConnection.php on line 646.
 1 SYSTEMPATH\Database\BaseBuilder.php(1615): CodeIgniter\Database\BaseConnection->query('SELECT *
FROM `alumnos`', [], false)
 2 SYSTEMPATH\Model.php(237): CodeIgniter\Database\BaseBuilder->get()
 3 SYSTEMPATH\BaseModel.php(624): CodeIgniter\Model->doFindAll(0, 0)
 4 APPPATH\Controllers\Alumno.php(16): CodeIgniter\BaseModel->findAll()
 5 SYSTEMPATH\CodeIgniter.php(919): App\Controllers\Alumno->mostrar()
 6 SYSTEMPATH\CodeIgniter.php(494): CodeIgniter\CodeIgniter->runController(Object(App\Controllers\Alumno))
 7 SYSTEMPATH\CodeIgniter.php(353): CodeIgniter\CodeIgniter->handleRequest(null, Object(Config\Cache), false)
 8 FCPATH\index.php(79): CodeIgniter\CodeIgniter->run()
 9 SYSTEMPATH\Commands\Server\rewrite.php(47): require_once('C:\\xampp\\htdocs\\DesarrolloAppWeb2023\\public\\index.php')
CRITICAL - 2023-09-28 21:50:46 --> Attempt to read property "nombre" on array
in APPPATH\Views\alumno\mostrar.php on line 14.
 1 APPPATH\Views\alumno\mostrar.php(14): CodeIgniter\Debug\Exceptions->errorHandler(2, 'Attempt to read property "nombre" on array', 'C:\\xampp\\htdocs\\DesarrolloAppWeb2023\\app\\Views\\alumno\\mostrar.php', 14)
 2 SYSTEMPATH\View\View.php(226): include('C:\\xampp\\htdocs\\DesarrolloAppWeb2023\\app\\Views\\alumno\\mostrar.php')
 3 SYSTEMPATH\View\View.php(229): CodeIgniter\View\View->CodeIgniter\View\{closure}()
 4 SYSTEMPATH\Common.php(1188): CodeIgniter\View\View->render('alumno/mostrar', [], true)
 5 APPPATH\Controllers\Alumno.php(17): view('alumno/mostrar', [...])
 6 SYSTEMPATH\CodeIgniter.php(919): App\Controllers\Alumno->mostrar()
 7 SYSTEMPATH\CodeIgniter.php(494): CodeIgniter\CodeIgniter->runController(Object(App\Controllers\Alumno))
 8 SYSTEMPATH\CodeIgniter.php(353): CodeIgniter\CodeIgniter->handleRequest(null, Object(Config\Cache), false)
 9 FCPATH\index.php(79): CodeIgniter\CodeIgniter->run()
10 SYSTEMPATH\Commands\Server\rewrite.php(47): require_once('C:\\xampp\\htdocs\\DesarrolloAppWeb2023\\public\\index.php')
