CRITICAL - 2024-05-09 23:37:01 --> require(vendor/autoload.php): Failed to open stream: No such file or directory
in APPPATH\Views\documentacion.php on line 4.
 1 APPPATH\Views\documentacion.php(4): CodeIgniter\Debug\Exceptions->errorHandler(2, 'require(vendor/autoload.php): Failed to open stream: No such file or directory', 'C:\\Users\\ardil\\Downloads\\TopicosBD2024_Proyectos\\ProyectoFinal\\API_Hoteles_CodeIgniter\\app\\Views\\documentacion.php', 4)
 2 APPPATH\Views\documentacion.php(4): require()
 3 SYSTEMPATH\View\View.php(226): include('C:\\Users\\ardil\\Downloads\\TopicosBD2024_Proyectos\\ProyectoFinal\\API_Hoteles_CodeIgniter\\app\\Views\\documentacion.php')
 4 SYSTEMPATH\View\View.php(229): CodeIgniter\View\View->CodeIgniter\View\{closure}()
 5 SYSTEMPATH\Common.php(1188): CodeIgniter\View\View->render('documentacion', [], true)
 6 APPPATH\Controllers\VistasController.php(11): view('documentacion')
 7 SYSTEMPATH\CodeIgniter.php(919): App\Controllers\VistasController->documentacion()
 8 SYSTEMPATH\CodeIgniter.php(494): CodeIgniter\CodeIgniter->runController(Object(App\Controllers\VistasController))
 9 SYSTEMPATH\CodeIgniter.php(353): CodeIgniter\CodeIgniter->handleRequest(null, Object(Config\Cache), false)
10 FCPATH\index.php(79): CodeIgniter\CodeIgniter->run()
11 SYSTEMPATH\Commands\Server\rewrite.php(47): require_once('C:\\Users\\ardil\\Downloads\\TopicosBD2024_Proyectos\\ProyectoFinal\\API_Hoteles_CodeIgniter\\public\\index.php')
CRITICAL - 2024-05-09 23:38:21 --> Invalid database name: '<nombre_de_la_base_de_datos>'
in VENDORPATH\mongodb\mongodb\src\Operation\Find.php on line 328.
 1 VENDORPATH\mongodb\mongodb\src\Operation\Find.php(328): MongoDB\Driver\Server->executeQuery('<nombre_de_la_base_de_datos>.<nombre_de_la_colección>', Object(MongoDB\Driver\Query), [...])
 2 VENDORPATH\mongodb\mongodb\src\Collection.php(646): MongoDB\Operation\Find->execute(Object(MongoDB\Driver\Server))
 3 APPPATH\Views\documentacion.php(14): MongoDB\Collection->find()
 4 SYSTEMPATH\View\View.php(226): include('C:\\Users\\ardil\\Downloads\\TopicosBD2024_Proyectos\\ProyectoFinal\\API_Hoteles_CodeIgniter\\app\\Views\\documentacion.php')
 5 SYSTEMPATH\View\View.php(229): CodeIgniter\View\View->CodeIgniter\View\{closure}()
 6 SYSTEMPATH\Common.php(1188): CodeIgniter\View\View->render('documentacion', [], true)
 7 APPPATH\Controllers\VistasController.php(11): view('documentacion')
 8 SYSTEMPATH\CodeIgniter.php(919): App\Controllers\VistasController->documentacion()
 9 SYSTEMPATH\CodeIgniter.php(494): CodeIgniter\CodeIgniter->runController(Object(App\Controllers\VistasController))
10 SYSTEMPATH\CodeIgniter.php(353): CodeIgniter\CodeIgniter->handleRequest(null, Object(Config\Cache), false)
11 FCPATH\index.php(79): CodeIgniter\CodeIgniter->run()
12 SYSTEMPATH\Commands\Server\rewrite.php(47): require_once('C:\\Users\\ardil\\Downloads\\TopicosBD2024_Proyectos\\ProyectoFinal\\API_Hoteles_CodeIgniter\\public\\index.php')
CRITICAL - 2024-05-09 23:38:50 --> Invalid database name: '<apiHotel>'
in VENDORPATH\mongodb\mongodb\src\Operation\Find.php on line 328.
 1 VENDORPATH\mongodb\mongodb\src\Operation\Find.php(328): MongoDB\Driver\Server->executeQuery('<apiHotel>.<clientes>', Object(MongoDB\Driver\Query), [...])
 2 VENDORPATH\mongodb\mongodb\src\Collection.php(646): MongoDB\Operation\Find->execute(Object(MongoDB\Driver\Server))
 3 APPPATH\Views\documentacion.php(14): MongoDB\Collection->find()
 4 SYSTEMPATH\View\View.php(226): include('C:\\Users\\ardil\\Downloads\\TopicosBD2024_Proyectos\\ProyectoFinal\\API_Hoteles_CodeIgniter\\app\\Views\\documentacion.php')
 5 SYSTEMPATH\View\View.php(229): CodeIgniter\View\View->CodeIgniter\View\{closure}()
 6 SYSTEMPATH\Common.php(1188): CodeIgniter\View\View->render('documentacion', [], true)
 7 APPPATH\Controllers\VistasController.php(11): view('documentacion')
 8 SYSTEMPATH\CodeIgniter.php(919): App\Controllers\VistasController->documentacion()
 9 SYSTEMPATH\CodeIgniter.php(494): CodeIgniter\CodeIgniter->runController(Object(App\Controllers\VistasController))
10 SYSTEMPATH\CodeIgniter.php(353): CodeIgniter\CodeIgniter->handleRequest(null, Object(Config\Cache), false)
11 FCPATH\index.php(79): CodeIgniter\CodeIgniter->run()
12 SYSTEMPATH\Commands\Server\rewrite.php(47): require_once('C:\\Users\\ardil\\Downloads\\TopicosBD2024_Proyectos\\ProyectoFinal\\API_Hoteles_CodeIgniter\\public\\index.php')
