ERROR - 2024-04-13 01:58:29 --> mysqli_sql_exception: Unknown column 'altura' in 'field list' in C:\xampp\htdocs\Topicos2024\system\Database\MySQLi\Connection.php:306
Stack trace:
#0 C:\xampp\htdocs\Topicos2024\system\Database\MySQLi\Connection.php(306): mysqli->query('SELECT `altura`...', 0)
#1 C:\xampp\htdocs\Topicos2024\system\Database\BaseConnection.php(692): CodeIgniter\Database\MySQLi\Connection->execute('SELECT `altura`...')
#2 C:\xampp\htdocs\Topicos2024\system\Database\BaseConnection.php(606): CodeIgniter\Database\BaseConnection->simpleQuery('SELECT `altura`...')
#3 C:\xampp\htdocs\Topicos2024\system\Database\BaseBuilder.php(1615): CodeIgniter\Database\BaseConnection->query('SELECT `altura`...', Array, false)
#4 C:\xampp\htdocs\Topicos2024\app\Models\ClimaModel.php(81): CodeIgniter\Database\BaseBuilder->get()
#5 C:\xampp\htdocs\Topicos2024\app\Controllers\Clima.php(35): App\Models\ClimaModel->getClimaByUbicacion()
#6 C:\xampp\htdocs\Topicos2024\system\CodeIgniter.php(919): App\Controllers\Clima->getClimaByUbicacion()
#7 C:\xampp\htdocs\Topicos2024\system\CodeIgniter.php(494): CodeIgniter\CodeIgniter->runController(Object(App\Controllers\Clima))
#8 C:\xampp\htdocs\Topicos2024\system\CodeIgniter.php(353): CodeIgniter\CodeIgniter->handleRequest(NULL, Object(Config\Cache), false)
#9 C:\xampp\htdocs\Topicos2024\public\index.php(79): CodeIgniter\CodeIgniter->run()
#10 C:\xampp\htdocs\Topicos2024\system\Commands\Server\rewrite.php(47): require_once('C:\\xampp\\htdocs...')
#11 {main}
CRITICAL - 2024-04-13 01:58:29 --> Unknown column 'altura' in 'field list'
in SYSTEMPATH\Database\BaseConnection.php on line 646.
 1 SYSTEMPATH\Database\BaseBuilder.php(1615): CodeIgniter\Database\BaseConnection->query('SELECT `altura`, `fecha`, `hora`, `temperatura`
FROM `clima`
WHERE `ubicacion` IS NULL', [], false)
 2 APPPATH\Models\ClimaModel.php(81): CodeIgniter\Database\BaseBuilder->get()
 3 APPPATH\Controllers\Clima.php(35): App\Models\ClimaModel->getClimaByUbicacion()
 4 SYSTEMPATH\CodeIgniter.php(919): App\Controllers\Clima->getClimaByUbicacion()
 5 SYSTEMPATH\CodeIgniter.php(494): CodeIgniter\CodeIgniter->runController(Object(App\Controllers\Clima))
 6 SYSTEMPATH\CodeIgniter.php(353): CodeIgniter\CodeIgniter->handleRequest(null, Object(Config\Cache), false)
 7 FCPATH\index.php(79): CodeIgniter\CodeIgniter->run()
 8 SYSTEMPATH\Commands\Server\rewrite.php(47): require_once('C:\\xampp\\htdocs\\Topicos2024\\public\\index.php')
ERROR - 2024-04-13 01:59:08 --> mysqli_sql_exception: Unknown column 'altura' in 'field list' in C:\xampp\htdocs\Topicos2024\system\Database\MySQLi\Connection.php:306
Stack trace:
#0 C:\xampp\htdocs\Topicos2024\system\Database\MySQLi\Connection.php(306): mysqli->query('SELECT `altura`...', 0)
#1 C:\xampp\htdocs\Topicos2024\system\Database\BaseConnection.php(692): CodeIgniter\Database\MySQLi\Connection->execute('SELECT `altura`...')
#2 C:\xampp\htdocs\Topicos2024\system\Database\BaseConnection.php(606): CodeIgniter\Database\BaseConnection->simpleQuery('SELECT `altura`...')
#3 C:\xampp\htdocs\Topicos2024\system\Database\BaseBuilder.php(1615): CodeIgniter\Database\BaseConnection->query('SELECT `altura`...', Array, false)
#4 C:\xampp\htdocs\Topicos2024\app\Models\ClimaModel.php(81): CodeIgniter\Database\BaseBuilder->get()
#5 C:\xampp\htdocs\Topicos2024\app\Controllers\Clima.php(35): App\Models\ClimaModel->getClimaByUbicacion()
#6 C:\xampp\htdocs\Topicos2024\system\CodeIgniter.php(919): App\Controllers\Clima->getClimaByUbicacion()
#7 C:\xampp\htdocs\Topicos2024\system\CodeIgniter.php(494): CodeIgniter\CodeIgniter->runController(Object(App\Controllers\Clima))
#8 C:\xampp\htdocs\Topicos2024\system\CodeIgniter.php(353): CodeIgniter\CodeIgniter->handleRequest(NULL, Object(Config\Cache), false)
#9 C:\xampp\htdocs\Topicos2024\public\index.php(79): CodeIgniter\CodeIgniter->run()
#10 C:\xampp\htdocs\Topicos2024\system\Commands\Server\rewrite.php(47): require_once('C:\\xampp\\htdocs...')
#11 {main}
CRITICAL - 2024-04-13 01:59:08 --> Unknown column 'altura' in 'field list'
in SYSTEMPATH\Database\BaseConnection.php on line 646.
 1 SYSTEMPATH\Database\BaseBuilder.php(1615): CodeIgniter\Database\BaseConnection->query('SELECT `altura`, `fecha`, `hora`, `temperatura`
FROM `clima`
WHERE `ubicacion` = :ubicacion:', [...], false)
 2 APPPATH\Models\ClimaModel.php(81): CodeIgniter\Database\BaseBuilder->get()
 3 APPPATH\Controllers\Clima.php(35): App\Models\ClimaModel->getClimaByUbicacion()
 4 SYSTEMPATH\CodeIgniter.php(919): App\Controllers\Clima->getClimaByUbicacion()
 5 SYSTEMPATH\CodeIgniter.php(494): CodeIgniter\CodeIgniter->runController(Object(App\Controllers\Clima))
 6 SYSTEMPATH\CodeIgniter.php(353): CodeIgniter\CodeIgniter->handleRequest(null, Object(Config\Cache), false)
 7 FCPATH\index.php(79): CodeIgniter\CodeIgniter->run()
 8 SYSTEMPATH\Commands\Server\rewrite.php(47): require_once('C:\\xampp\\htdocs\\Topicos2024\\public\\index.php')
CRITICAL - 2024-04-13 02:14:20 --> Call to undefined method App\Models\ClimaModel::getClimaByTipoClimaTemperatura
in SYSTEMPATH\Model.php on line 873.
 1 APPPATH\Controllers\Clima.php(66): CodeIgniter\Model->__call('getClimaByTipoClimaTemperatura', [])
 2 SYSTEMPATH\CodeIgniter.php(919): App\Controllers\Clima->getClimaByTipoClimaUbicacionTemperatura()
 3 SYSTEMPATH\CodeIgniter.php(494): CodeIgniter\CodeIgniter->runController(Object(App\Controllers\Clima))
 4 SYSTEMPATH\CodeIgniter.php(353): CodeIgniter\CodeIgniter->handleRequest(null, Object(Config\Cache), false)
 5 FCPATH\index.php(79): CodeIgniter\CodeIgniter->run()
 6 SYSTEMPATH\Commands\Server\rewrite.php(47): require_once('C:\\xampp\\htdocs\\Topicos2024\\public\\index.php')
CRITICAL - 2024-04-13 02:14:45 --> Call to undefined method App\Models\ClimaModel::getClimaByTipoClimaUnicacionTemperatura
in SYSTEMPATH\Model.php on line 873.
 1 APPPATH\Controllers\Clima.php(66): CodeIgniter\Model->__call('getClimaByTipoClimaUnicacionTemperatura', [])
 2 SYSTEMPATH\CodeIgniter.php(919): App\Controllers\Clima->getClimaByTipoClimaUbicacionTemperatura()
 3 SYSTEMPATH\CodeIgniter.php(494): CodeIgniter\CodeIgniter->runController(Object(App\Controllers\Clima))
 4 SYSTEMPATH\CodeIgniter.php(353): CodeIgniter\CodeIgniter->handleRequest(null, Object(Config\Cache), false)
 5 FCPATH\index.php(79): CodeIgniter\CodeIgniter->run()
 6 SYSTEMPATH\Commands\Server\rewrite.php(47): require_once('C:\\xampp\\htdocs\\Topicos2024\\public\\index.php')
ERROR - 2024-04-13 02:18:03 --> mysqli_sql_exception: You have an error in your SQL syntax; check the manual that corresponds to your MariaDB server version for the right syntax to use near 'IS NULL' at line 6 in C:\xampp\htdocs\Topicos2024\system\Database\MySQLi\Connection.php:306
Stack trace:
#0 C:\xampp\htdocs\Topicos2024\system\Database\MySQLi\Connection.php(306): mysqli->query('SELECT `latitud...', 0)
#1 C:\xampp\htdocs\Topicos2024\system\Database\BaseConnection.php(692): CodeIgniter\Database\MySQLi\Connection->execute('SELECT `latitud...')
#2 C:\xampp\htdocs\Topicos2024\system\Database\BaseConnection.php(606): CodeIgniter\Database\BaseConnection->simpleQuery('SELECT `latitud...')
#3 C:\xampp\htdocs\Topicos2024\system\Database\BaseBuilder.php(1615): CodeIgniter\Database\BaseConnection->query('SELECT `latitud...', Array, false)
#4 C:\xampp\htdocs\Topicos2024\app\Models\ClimaModel.php(147): CodeIgniter\Database\BaseBuilder->get()
#5 C:\xampp\htdocs\Topicos2024\app\Controllers\Clima.php(72): App\Models\ClimaModel->getClimaByTipoClimaUbicacionTemperatura()
#6 C:\xampp\htdocs\Topicos2024\system\CodeIgniter.php(919): App\Controllers\Clima->getClimaByTipoClimaUbicacionTemperatura()
#7 C:\xampp\htdocs\Topicos2024\system\CodeIgniter.php(494): CodeIgniter\CodeIgniter->runController(Object(App\Controllers\Clima))
#8 C:\xampp\htdocs\Topicos2024\system\CodeIgniter.php(353): CodeIgniter\CodeIgniter->handleRequest(NULL, Object(Config\Cache), false)
#9 C:\xampp\htdocs\Topicos2024\public\index.php(79): CodeIgniter\CodeIgniter->run()
#10 C:\xampp\htdocs\Topicos2024\system\Commands\Server\rewrite.php(47): require_once('C:\\xampp\\htdocs...')
#11 {main}
CRITICAL - 2024-04-13 02:18:03 --> You have an error in your SQL syntax; check the manual that corresponds to your MariaDB server version for the right syntax to use near 'IS NULL' at line 6
in SYSTEMPATH\Database\BaseConnection.php on line 646.
 1 SYSTEMPATH\Database\BaseBuilder.php(1615): CodeIgniter\Database\BaseConnection->query('SELECT `latitud`, `longitud`, `altitud`, `fecha`, `hora`, `temperatura`
FROM `clima`
JOIN `tipoclima` ON `clima`.`tipo` = `tipoclima`.`idTipo`
WHERE `tipoclima`.`tipo` = :tipoclima.tipo:
AND `ubicacion` = :ubicacion:
AND `temperatura` > IS NULL', [...], false)
 2 APPPATH\Models\ClimaModel.php(147): CodeIgniter\Database\BaseBuilder->get()
 3 APPPATH\Controllers\Clima.php(72): App\Models\ClimaModel->getClimaByTipoClimaUbicacionTemperatura()
 4 SYSTEMPATH\CodeIgniter.php(919): App\Controllers\Clima->getClimaByTipoClimaUbicacionTemperatura()
 5 SYSTEMPATH\CodeIgniter.php(494): CodeIgniter\CodeIgniter->runController(Object(App\Controllers\Clima))
 6 SYSTEMPATH\CodeIgniter.php(353): CodeIgniter\CodeIgniter->handleRequest(null, Object(Config\Cache), false)
 7 FCPATH\index.php(79): CodeIgniter\CodeIgniter->run()
 8 SYSTEMPATH\Commands\Server\rewrite.php(47): require_once('C:\\xampp\\htdocs\\Topicos2024\\public\\index.php')
ERROR - 2024-04-13 02:18:04 --> mysqli_sql_exception: You have an error in your SQL syntax; check the manual that corresponds to your MariaDB server version for the right syntax to use near 'IS NULL' at line 6 in C:\xampp\htdocs\Topicos2024\system\Database\MySQLi\Connection.php:306
Stack trace:
#0 C:\xampp\htdocs\Topicos2024\system\Database\MySQLi\Connection.php(306): mysqli->query('SELECT `latitud...', 0)
#1 C:\xampp\htdocs\Topicos2024\system\Database\BaseConnection.php(692): CodeIgniter\Database\MySQLi\Connection->execute('SELECT `latitud...')
#2 C:\xampp\htdocs\Topicos2024\system\Database\BaseConnection.php(606): CodeIgniter\Database\BaseConnection->simpleQuery('SELECT `latitud...')
#3 C:\xampp\htdocs\Topicos2024\system\Database\BaseBuilder.php(1615): CodeIgniter\Database\BaseConnection->query('SELECT `latitud...', Array, false)
#4 C:\xampp\htdocs\Topicos2024\app\Models\ClimaModel.php(147): CodeIgniter\Database\BaseBuilder->get()
#5 C:\xampp\htdocs\Topicos2024\app\Controllers\Clima.php(72): App\Models\ClimaModel->getClimaByTipoClimaUbicacionTemperatura()
#6 C:\xampp\htdocs\Topicos2024\system\CodeIgniter.php(919): App\Controllers\Clima->getClimaByTipoClimaUbicacionTemperatura()
#7 C:\xampp\htdocs\Topicos2024\system\CodeIgniter.php(494): CodeIgniter\CodeIgniter->runController(Object(App\Controllers\Clima))
#8 C:\xampp\htdocs\Topicos2024\system\CodeIgniter.php(353): CodeIgniter\CodeIgniter->handleRequest(NULL, Object(Config\Cache), false)
#9 C:\xampp\htdocs\Topicos2024\public\index.php(79): CodeIgniter\CodeIgniter->run()
#10 C:\xampp\htdocs\Topicos2024\system\Commands\Server\rewrite.php(47): require_once('C:\\xampp\\htdocs...')
#11 {main}
CRITICAL - 2024-04-13 02:18:04 --> You have an error in your SQL syntax; check the manual that corresponds to your MariaDB server version for the right syntax to use near 'IS NULL' at line 6
in SYSTEMPATH\Database\BaseConnection.php on line 646.
 1 SYSTEMPATH\Database\BaseBuilder.php(1615): CodeIgniter\Database\BaseConnection->query('SELECT `latitud`, `longitud`, `altitud`, `fecha`, `hora`, `temperatura`
FROM `clima`
JOIN `tipoclima` ON `clima`.`tipo` = `tipoclima`.`idTipo`
WHERE `tipoclima`.`tipo` = :tipoclima.tipo:
AND `ubicacion` = :ubicacion:
AND `temperatura` > IS NULL', [...], false)
 2 APPPATH\Models\ClimaModel.php(147): CodeIgniter\Database\BaseBuilder->get()
 3 APPPATH\Controllers\Clima.php(72): App\Models\ClimaModel->getClimaByTipoClimaUbicacionTemperatura()
 4 SYSTEMPATH\CodeIgniter.php(919): App\Controllers\Clima->getClimaByTipoClimaUbicacionTemperatura()
 5 SYSTEMPATH\CodeIgniter.php(494): CodeIgniter\CodeIgniter->runController(Object(App\Controllers\Clima))
 6 SYSTEMPATH\CodeIgniter.php(353): CodeIgniter\CodeIgniter->handleRequest(null, Object(Config\Cache), false)
 7 FCPATH\index.php(79): CodeIgniter\CodeIgniter->run()
 8 SYSTEMPATH\Commands\Server\rewrite.php(47): require_once('C:\\xampp\\htdocs\\Topicos2024\\public\\index.php')
ERROR - 2024-04-13 02:18:05 --> mysqli_sql_exception: You have an error in your SQL syntax; check the manual that corresponds to your MariaDB server version for the right syntax to use near 'IS NULL' at line 6 in C:\xampp\htdocs\Topicos2024\system\Database\MySQLi\Connection.php:306
Stack trace:
#0 C:\xampp\htdocs\Topicos2024\system\Database\MySQLi\Connection.php(306): mysqli->query('SELECT `latitud...', 0)
#1 C:\xampp\htdocs\Topicos2024\system\Database\BaseConnection.php(692): CodeIgniter\Database\MySQLi\Connection->execute('SELECT `latitud...')
#2 C:\xampp\htdocs\Topicos2024\system\Database\BaseConnection.php(606): CodeIgniter\Database\BaseConnection->simpleQuery('SELECT `latitud...')
#3 C:\xampp\htdocs\Topicos2024\system\Database\BaseBuilder.php(1615): CodeIgniter\Database\BaseConnection->query('SELECT `latitud...', Array, false)
#4 C:\xampp\htdocs\Topicos2024\app\Models\ClimaModel.php(147): CodeIgniter\Database\BaseBuilder->get()
#5 C:\xampp\htdocs\Topicos2024\app\Controllers\Clima.php(72): App\Models\ClimaModel->getClimaByTipoClimaUbicacionTemperatura()
#6 C:\xampp\htdocs\Topicos2024\system\CodeIgniter.php(919): App\Controllers\Clima->getClimaByTipoClimaUbicacionTemperatura()
#7 C:\xampp\htdocs\Topicos2024\system\CodeIgniter.php(494): CodeIgniter\CodeIgniter->runController(Object(App\Controllers\Clima))
#8 C:\xampp\htdocs\Topicos2024\system\CodeIgniter.php(353): CodeIgniter\CodeIgniter->handleRequest(NULL, Object(Config\Cache), false)
#9 C:\xampp\htdocs\Topicos2024\public\index.php(79): CodeIgniter\CodeIgniter->run()
#10 C:\xampp\htdocs\Topicos2024\system\Commands\Server\rewrite.php(47): require_once('C:\\xampp\\htdocs...')
#11 {main}
CRITICAL - 2024-04-13 02:18:05 --> You have an error in your SQL syntax; check the manual that corresponds to your MariaDB server version for the right syntax to use near 'IS NULL' at line 6
in SYSTEMPATH\Database\BaseConnection.php on line 646.
 1 SYSTEMPATH\Database\BaseBuilder.php(1615): CodeIgniter\Database\BaseConnection->query('SELECT `latitud`, `longitud`, `altitud`, `fecha`, `hora`, `temperatura`
FROM `clima`
JOIN `tipoclima` ON `clima`.`tipo` = `tipoclima`.`idTipo`
WHERE `tipoclima`.`tipo` = :tipoclima.tipo:
AND `ubicacion` = :ubicacion:
AND `temperatura` > IS NULL', [...], false)
 2 APPPATH\Models\ClimaModel.php(147): CodeIgniter\Database\BaseBuilder->get()
 3 APPPATH\Controllers\Clima.php(72): App\Models\ClimaModel->getClimaByTipoClimaUbicacionTemperatura()
 4 SYSTEMPATH\CodeIgniter.php(919): App\Controllers\Clima->getClimaByTipoClimaUbicacionTemperatura()
 5 SYSTEMPATH\CodeIgniter.php(494): CodeIgniter\CodeIgniter->runController(Object(App\Controllers\Clima))
 6 SYSTEMPATH\CodeIgniter.php(353): CodeIgniter\CodeIgniter->handleRequest(null, Object(Config\Cache), false)
 7 FCPATH\index.php(79): CodeIgniter\CodeIgniter->run()
 8 SYSTEMPATH\Commands\Server\rewrite.php(47): require_once('C:\\xampp\\htdocs\\Topicos2024\\public\\index.php')
ERROR - 2024-04-13 02:19:06 --> mysqli_sql_exception: Unknown column 'sentacionTermina' in 'where clause' in C:\xampp\htdocs\Topicos2024\system\Database\MySQLi\Connection.php:306
Stack trace:
#0 C:\xampp\htdocs\Topicos2024\system\Database\MySQLi\Connection.php(306): mysqli->query('SELECT `ubicaci...', 0)
#1 C:\xampp\htdocs\Topicos2024\system\Database\BaseConnection.php(692): CodeIgniter\Database\MySQLi\Connection->execute('SELECT `ubicaci...')
#2 C:\xampp\htdocs\Topicos2024\system\Database\BaseConnection.php(606): CodeIgniter\Database\BaseConnection->simpleQuery('SELECT `ubicaci...')
#3 C:\xampp\htdocs\Topicos2024\system\Database\BaseBuilder.php(1615): CodeIgniter\Database\BaseConnection->query('SELECT `ubicaci...', Array, false)
#4 C:\xampp\htdocs\Topicos2024\app\Models\ClimaModel.php(114): CodeIgniter\Database\BaseBuilder->get()
#5 C:\xampp\htdocs\Topicos2024\app\Controllers\Clima.php(54): App\Models\ClimaModel->getClimaByTemperaturaSensacionTermica()
#6 C:\xampp\htdocs\Topicos2024\system\CodeIgniter.php(919): App\Controllers\Clima->getClimaByTemperaturaSensacionTermica()
#7 C:\xampp\htdocs\Topicos2024\system\CodeIgniter.php(494): CodeIgniter\CodeIgniter->runController(Object(App\Controllers\Clima))
#8 C:\xampp\htdocs\Topicos2024\system\CodeIgniter.php(353): CodeIgniter\CodeIgniter->handleRequest(NULL, Object(Config\Cache), false)
#9 C:\xampp\htdocs\Topicos2024\public\index.php(79): CodeIgniter\CodeIgniter->run()
#10 C:\xampp\htdocs\Topicos2024\system\Commands\Server\rewrite.php(47): require_once('C:\\xampp\\htdocs...')
#11 {main}
CRITICAL - 2024-04-13 02:19:06 --> Unknown column 'sentacionTermina' in 'where clause'
in SYSTEMPATH\Database\BaseConnection.php on line 646.
 1 SYSTEMPATH\Database\BaseBuilder.php(1615): CodeIgniter\Database\BaseConnection->query('SELECT `ubicacion`, `latitud`, `longitud`, `altitud`, `fecha`, `hora`
FROM `clima`
WHERE `sentacionTermina` >= :sentacionTermina:
AND `temperatura` >= :temperatura:', [...], false)
 2 APPPATH\Models\ClimaModel.php(114): CodeIgniter\Database\BaseBuilder->get()
 3 APPPATH\Controllers\Clima.php(54): App\Models\ClimaModel->getClimaByTemperaturaSensacionTermica()
 4 SYSTEMPATH\CodeIgniter.php(919): App\Controllers\Clima->getClimaByTemperaturaSensacionTermica()
 5 SYSTEMPATH\CodeIgniter.php(494): CodeIgniter\CodeIgniter->runController(Object(App\Controllers\Clima))
 6 SYSTEMPATH\CodeIgniter.php(353): CodeIgniter\CodeIgniter->handleRequest(null, Object(Config\Cache), false)
 7 FCPATH\index.php(79): CodeIgniter\CodeIgniter->run()
 8 SYSTEMPATH\Commands\Server\rewrite.php(47): require_once('C:\\xampp\\htdocs\\Topicos2024\\public\\index.php')
