CRITICAL - 2024-04-22 16:01:43 --> Undefined constant "ubicaion"
in APPPATH\Views\documentacion.php on line 15.
 1 SYSTEMPATH\View\View.php(226): include()
 2 SYSTEMPATH\View\View.php(229): CodeIgniter\View\View->CodeIgniter\View\{closure}()
 3 SYSTEMPATH\Common.php(1188): CodeIgniter\View\View->render('documentacion', [], true)
 4 APPPATH\Controllers\VistasController.php(11): view('documentacion')
 5 SYSTEMPATH\CodeIgniter.php(919): App\Controllers\VistasController->documentacion()
 6 SYSTEMPATH\CodeIgniter.php(494): CodeIgniter\CodeIgniter->runController(Object(App\Controllers\VistasController))
 7 SYSTEMPATH\CodeIgniter.php(353): CodeIgniter\CodeIgniter->handleRequest(null, Object(Config\Cache), false)
 8 FCPATH\index.php(79): CodeIgniter\CodeIgniter->run()
 9 SYSTEMPATH\Commands\Server\rewrite.php(47): require_once('C:\\Users\\Moisés David\\Desktop\\ApiClima\\public\\index.php')
CRITICAL - 2024-04-22 16:01:47 --> Undefined constant "ubicacion"
in APPPATH\Views\documentacion.php on line 15.
 1 SYSTEMPATH\View\View.php(226): include()
 2 SYSTEMPATH\View\View.php(229): CodeIgniter\View\View->CodeIgniter\View\{closure}()
 3 SYSTEMPATH\Common.php(1188): CodeIgniter\View\View->render('documentacion', [], true)
 4 APPPATH\Controllers\VistasController.php(11): view('documentacion')
 5 SYSTEMPATH\CodeIgniter.php(919): App\Controllers\VistasController->documentacion()
 6 SYSTEMPATH\CodeIgniter.php(494): CodeIgniter\CodeIgniter->runController(Object(App\Controllers\VistasController))
 7 SYSTEMPATH\CodeIgniter.php(353): CodeIgniter\CodeIgniter->handleRequest(null, Object(Config\Cache), false)
 8 FCPATH\index.php(79): CodeIgniter\CodeIgniter->run()
 9 SYSTEMPATH\Commands\Server\rewrite.php(47): require_once('C:\\Users\\Moisés David\\Desktop\\ApiClima\\public\\index.php')
CRITICAL - 2024-04-22 16:01:57 --> syntax error, unexpected token "{"
in APPPATH\Views\documentacion.php on line 15.
 1 SYSTEMPATH\View\View.php(229): CodeIgniter\View\View->CodeIgniter\View\{closure}()
 2 SYSTEMPATH\Common.php(1188): CodeIgniter\View\View->render('documentacion', [], true)
 3 APPPATH\Controllers\VistasController.php(11): view('documentacion')
 4 SYSTEMPATH\CodeIgniter.php(919): App\Controllers\VistasController->documentacion()
 5 SYSTEMPATH\CodeIgniter.php(494): CodeIgniter\CodeIgniter->runController(Object(App\Controllers\VistasController))
 6 SYSTEMPATH\CodeIgniter.php(353): CodeIgniter\CodeIgniter->handleRequest(null, Object(Config\Cache), false)
 7 FCPATH\index.php(79): CodeIgniter\CodeIgniter->run()
 8 SYSTEMPATH\Commands\Server\rewrite.php(47): require_once('C:\\Users\\Moisés David\\Desktop\\ApiClima\\public\\index.php')
CRITICAL - 2024-04-22 16:02:10 --> Undefined variable $ubicacion
in APPPATH\Views\documentacion.php on line 15.
 1 APPPATH\Views\documentacion.php(15): CodeIgniter\Debug\Exceptions->errorHandler(2, 'Undefined variable $ubicacion', 'C:\\Users\\Moisés David\\Desktop\\ApiClima\\app\\Views\\documentacion.php', 15)
 2 SYSTEMPATH\View\View.php(226): include('C:\\Users\\Moisés David\\Desktop\\ApiClima\\app\\Views\\documentacion.php')
 3 SYSTEMPATH\View\View.php(229): CodeIgniter\View\View->CodeIgniter\View\{closure}()
 4 SYSTEMPATH\Common.php(1188): CodeIgniter\View\View->render('documentacion', [], true)
 5 APPPATH\Controllers\VistasController.php(11): view('documentacion')
 6 SYSTEMPATH\CodeIgniter.php(919): App\Controllers\VistasController->documentacion()
 7 SYSTEMPATH\CodeIgniter.php(494): CodeIgniter\CodeIgniter->runController(Object(App\Controllers\VistasController))
 8 SYSTEMPATH\CodeIgniter.php(353): CodeIgniter\CodeIgniter->handleRequest(null, Object(Config\Cache), false)
 9 FCPATH\index.php(79): CodeIgniter\CodeIgniter->run()
10 SYSTEMPATH\Commands\Server\rewrite.php(47): require_once('C:\\Users\\Moisés David\\Desktop\\ApiClima\\public\\index.php')
CRITICAL - 2024-04-22 18:35:11 --> Undefined constant "ubicaciones"
in APPPATH\Views\documentacion.php on line 15.
 1 SYSTEMPATH\View\View.php(226): include()
 2 SYSTEMPATH\View\View.php(229): CodeIgniter\View\View->CodeIgniter\View\{closure}()
 3 SYSTEMPATH\Common.php(1188): CodeIgniter\View\View->render('documentacion', [], true)
 4 APPPATH\Controllers\VistasController.php(11): view('documentacion')
 5 SYSTEMPATH\CodeIgniter.php(919): App\Controllers\VistasController->documentacion()
 6 SYSTEMPATH\CodeIgniter.php(494): CodeIgniter\CodeIgniter->runController(Object(App\Controllers\VistasController))
 7 SYSTEMPATH\CodeIgniter.php(353): CodeIgniter\CodeIgniter->handleRequest(null, Object(Config\Cache), false)
 8 FCPATH\index.php(79): CodeIgniter\CodeIgniter->run()
 9 SYSTEMPATH\Commands\Server\rewrite.php(47): require_once('C:\\Users\\Moisés David\\Desktop\\ApiClima\\public\\index.php')
CRITICAL - 2024-04-22 18:35:16 --> Undefined constant "ubicacion"
in APPPATH\Views\documentacion.php on line 15.
 1 SYSTEMPATH\View\View.php(226): include()
 2 SYSTEMPATH\View\View.php(229): CodeIgniter\View\View->CodeIgniter\View\{closure}()
 3 SYSTEMPATH\Common.php(1188): CodeIgniter\View\View->render('documentacion', [], true)
 4 APPPATH\Controllers\VistasController.php(11): view('documentacion')
 5 SYSTEMPATH\CodeIgniter.php(919): App\Controllers\VistasController->documentacion()
 6 SYSTEMPATH\CodeIgniter.php(494): CodeIgniter\CodeIgniter->runController(Object(App\Controllers\VistasController))
 7 SYSTEMPATH\CodeIgniter.php(353): CodeIgniter\CodeIgniter->handleRequest(null, Object(Config\Cache), false)
 8 FCPATH\index.php(79): CodeIgniter\CodeIgniter->run()
 9 SYSTEMPATH\Commands\Server\rewrite.php(47): require_once('C:\\Users\\Moisés David\\Desktop\\ApiClima\\public\\index.php')
