CRITICAL - 2023-10-14 01:08:42 --> syntax error, unexpected variable "$carreraModel", expecting "function" or "const"
in APPPATH\Controllers\Carrera.php on line 64.
 1 SYSTEMPATH\Autoloader\Autoloader.php(285): CodeIgniter\Autoloader\Autoloader->includeFile('C:\\xampp\\htdocs\\DesarrolloAppWeb2023\\app\\Controllers\\Carrera.php')
 2 SYSTEMPATH\Autoloader\Autoloader.php(263): CodeIgniter\Autoloader\Autoloader->loadInNamespace('App\\Controllers\\Carrera')
 3 [internal function]: CodeIgniter\Autoloader\Autoloader->loadClass('App\\Controllers\\Carrera')
 4 SYSTEMPATH\CodeIgniter.php(877): class_exists('\\App\\Controllers\\Carrera', true)
 5 SYSTEMPATH\CodeIgniter.php(481): CodeIgniter\CodeIgniter->startController()
 6 SYSTEMPATH\CodeIgniter.php(353): CodeIgniter\CodeIgniter->handleRequest(null, Object(Config\Cache), false)
 7 FCPATH\index.php(79): CodeIgniter\CodeIgniter->run()
 8 SYSTEMPATH\Commands\Server\rewrite.php(47): require_once('C:\\xampp\\htdocs\\DesarrolloAppWeb2023\\public\\index.php')
CRITICAL - 2023-10-14 01:10:23 --> Undefined variable $alumnos
in APPPATH\Views\carrera\mostrar.php on line 13.
 1 APPPATH\Views\carrera\mostrar.php(13): CodeIgniter\Debug\Exceptions->errorHandler(2, 'Undefined variable $alumnos', 'C:\\xampp\\htdocs\\DesarrolloAppWeb2023\\app\\Views\\carrera\\mostrar.php', 13)
 2 SYSTEMPATH\View\View.php(226): include('C:\\xampp\\htdocs\\DesarrolloAppWeb2023\\app\\Views\\carrera\\mostrar.php')
 3 SYSTEMPATH\View\View.php(229): CodeIgniter\View\View->CodeIgniter\View\{closure}()
 4 SYSTEMPATH\Common.php(1188): CodeIgniter\View\View->render('carrera/mostrar', [], true)
 5 APPPATH\Controllers\Carrera.php(20): view('carrera/mostrar', [...])
 6 SYSTEMPATH\CodeIgniter.php(919): App\Controllers\Carrera->mostrar()
 7 SYSTEMPATH\CodeIgniter.php(494): CodeIgniter\CodeIgniter->runController(Object(App\Controllers\Carrera))
 8 SYSTEMPATH\CodeIgniter.php(353): CodeIgniter\CodeIgniter->handleRequest(null, Object(Config\Cache), false)
 9 FCPATH\index.php(79): CodeIgniter\CodeIgniter->run()
10 SYSTEMPATH\Commands\Server\rewrite.php(47): require_once('C:\\xampp\\htdocs\\DesarrolloAppWeb2023\\public\\index.php')
CRITICAL - 2023-10-14 01:12:06 --> Undefined variable $alumnos
in APPPATH\Views\carrera\mostrar.php on line 13.
 1 APPPATH\Views\carrera\mostrar.php(13): CodeIgniter\Debug\Exceptions->errorHandler(2, 'Undefined variable $alumnos', 'C:\\xampp\\htdocs\\DesarrolloAppWeb2023\\app\\Views\\carrera\\mostrar.php', 13)
 2 SYSTEMPATH\View\View.php(226): include('C:\\xampp\\htdocs\\DesarrolloAppWeb2023\\app\\Views\\carrera\\mostrar.php')
 3 SYSTEMPATH\View\View.php(229): CodeIgniter\View\View->CodeIgniter\View\{closure}()
 4 SYSTEMPATH\Common.php(1188): CodeIgniter\View\View->render('carrera/mostrar', [], true)
 5 APPPATH\Controllers\Carrera.php(20): view('carrera/mostrar', [...])
 6 SYSTEMPATH\CodeIgniter.php(919): App\Controllers\Carrera->mostrar()
 7 SYSTEMPATH\CodeIgniter.php(494): CodeIgniter\CodeIgniter->runController(Object(App\Controllers\Carrera))
 8 SYSTEMPATH\CodeIgniter.php(353): CodeIgniter\CodeIgniter->handleRequest(null, Object(Config\Cache), false)
 9 FCPATH\index.php(79): CodeIgniter\CodeIgniter->run()
10 SYSTEMPATH\Commands\Server\rewrite.php(47): require_once('C:\\xampp\\htdocs\\DesarrolloAppWeb2023\\public\\index.php')
CRITICAL - 2023-10-14 01:12:11 --> Undefined variable $alumnos
in APPPATH\Views\carrera\mostrar.php on line 13.
 1 APPPATH\Views\carrera\mostrar.php(13): CodeIgniter\Debug\Exceptions->errorHandler(2, 'Undefined variable $alumnos', 'C:\\xampp\\htdocs\\DesarrolloAppWeb2023\\app\\Views\\carrera\\mostrar.php', 13)
 2 SYSTEMPATH\View\View.php(226): include('C:\\xampp\\htdocs\\DesarrolloAppWeb2023\\app\\Views\\carrera\\mostrar.php')
 3 SYSTEMPATH\View\View.php(229): CodeIgniter\View\View->CodeIgniter\View\{closure}()
 4 SYSTEMPATH\Common.php(1188): CodeIgniter\View\View->render('carrera/mostrar', [], true)
 5 APPPATH\Controllers\Carrera.php(20): view('carrera/mostrar', [...])
 6 SYSTEMPATH\CodeIgniter.php(919): App\Controllers\Carrera->mostrar()
 7 SYSTEMPATH\CodeIgniter.php(494): CodeIgniter\CodeIgniter->runController(Object(App\Controllers\Carrera))
 8 SYSTEMPATH\CodeIgniter.php(353): CodeIgniter\CodeIgniter->handleRequest(null, Object(Config\Cache), false)
 9 FCPATH\index.php(79): CodeIgniter\CodeIgniter->run()
10 SYSTEMPATH\Commands\Server\rewrite.php(47): require_once('C:\\xampp\\htdocs\\DesarrolloAppWeb2023\\public\\index.php')
CRITICAL - 2023-10-14 01:12:17 --> Undefined variable $alumnos
in APPPATH\Views\carrera\mostrar.php on line 13.
 1 APPPATH\Views\carrera\mostrar.php(13): CodeIgniter\Debug\Exceptions->errorHandler(2, 'Undefined variable $alumnos', 'C:\\xampp\\htdocs\\DesarrolloAppWeb2023\\app\\Views\\carrera\\mostrar.php', 13)
 2 SYSTEMPATH\View\View.php(226): include('C:\\xampp\\htdocs\\DesarrolloAppWeb2023\\app\\Views\\carrera\\mostrar.php')
 3 SYSTEMPATH\View\View.php(229): CodeIgniter\View\View->CodeIgniter\View\{closure}()
 4 SYSTEMPATH\Common.php(1188): CodeIgniter\View\View->render('carrera/mostrar', [], true)
 5 APPPATH\Controllers\Carrera.php(20): view('carrera/mostrar', [...])
 6 SYSTEMPATH\CodeIgniter.php(919): App\Controllers\Carrera->mostrar()
 7 SYSTEMPATH\CodeIgniter.php(494): CodeIgniter\CodeIgniter->runController(Object(App\Controllers\Carrera))
 8 SYSTEMPATH\CodeIgniter.php(353): CodeIgniter\CodeIgniter->handleRequest(null, Object(Config\Cache), false)
 9 FCPATH\index.php(79): CodeIgniter\CodeIgniter->run()
10 SYSTEMPATH\Commands\Server\rewrite.php(47): require_once('C:\\xampp\\htdocs\\DesarrolloAppWeb2023\\public\\index.php')
CRITICAL - 2023-10-14 01:12:27 --> Undefined variable $alumnos
in APPPATH\Views\carrera\mostrar.php on line 13.
 1 APPPATH\Views\carrera\mostrar.php(13): CodeIgniter\Debug\Exceptions->errorHandler(2, 'Undefined variable $alumnos', 'C:\\xampp\\htdocs\\DesarrolloAppWeb2023\\app\\Views\\carrera\\mostrar.php', 13)
 2 SYSTEMPATH\View\View.php(226): include('C:\\xampp\\htdocs\\DesarrolloAppWeb2023\\app\\Views\\carrera\\mostrar.php')
 3 SYSTEMPATH\View\View.php(229): CodeIgniter\View\View->CodeIgniter\View\{closure}()
 4 SYSTEMPATH\Common.php(1188): CodeIgniter\View\View->render('carrera/mostrar', [], true)
 5 APPPATH\Controllers\Carrera.php(20): view('carrera/mostrar', [...])
 6 SYSTEMPATH\CodeIgniter.php(919): App\Controllers\Carrera->mostrar()
 7 SYSTEMPATH\CodeIgniter.php(494): CodeIgniter\CodeIgniter->runController(Object(App\Controllers\Carrera))
 8 SYSTEMPATH\CodeIgniter.php(353): CodeIgniter\CodeIgniter->handleRequest(null, Object(Config\Cache), false)
 9 FCPATH\index.php(79): CodeIgniter\CodeIgniter->run()
10 SYSTEMPATH\Commands\Server\rewrite.php(47): require_once('C:\\xampp\\htdocs\\DesarrolloAppWeb2023\\public\\index.php')
CRITICAL - 2023-10-14 01:15:42 --> Undefined variable $carreras
in APPPATH\Views\carrera\mostrar.php on line 11.
 1 APPPATH\Views\carrera\mostrar.php(11): CodeIgniter\Debug\Exceptions->errorHandler(2, 'Undefined variable $carreras', 'C:\\xampp\\htdocs\\DesarrolloAppWeb2023\\app\\Views\\carrera\\mostrar.php', 11)
 2 SYSTEMPATH\View\View.php(226): include('C:\\xampp\\htdocs\\DesarrolloAppWeb2023\\app\\Views\\carrera\\mostrar.php')
 3 SYSTEMPATH\View\View.php(229): CodeIgniter\View\View->CodeIgniter\View\{closure}()
 4 SYSTEMPATH\Common.php(1188): CodeIgniter\View\View->render('carrera/mostrar', [], true)
 5 APPPATH\Controllers\Carrera.php(20): view('carrera/mostrar', [...])
 6 SYSTEMPATH\CodeIgniter.php(919): App\Controllers\Carrera->mostrar()
 7 SYSTEMPATH\CodeIgniter.php(494): CodeIgniter\CodeIgniter->runController(Object(App\Controllers\Carrera))
 8 SYSTEMPATH\CodeIgniter.php(353): CodeIgniter\CodeIgniter->handleRequest(null, Object(Config\Cache), false)
 9 FCPATH\index.php(79): CodeIgniter\CodeIgniter->run()
10 SYSTEMPATH\Commands\Server\rewrite.php(47): require_once('C:\\xampp\\htdocs\\DesarrolloAppWeb2023\\public\\index.php')
CRITICAL - 2023-10-14 01:18:09 --> "max_legth" is not a valid rule.
in SYSTEMPATH\Validation\Validation.php on line 317.
 1 SYSTEMPATH\Validation\Validation.php(317): CodeIgniter\Validation\Exceptions\ValidationException::forRuleNotFound('max_legth')
 2 SYSTEMPATH\Validation\Validation.php(195): CodeIgniter\Validation\Validation->processRules('acronimo', 'acronimo', 'ing-015', [...], [...])
 3 SYSTEMPATH\Controller.php(150): CodeIgniter\Validation\Validation->run()
 4 APPPATH\Controllers\Carrera.php(40): CodeIgniter\Controller->validate([...])
 5 SYSTEMPATH\CodeIgniter.php(919): App\Controllers\Carrera->agregar()
 6 SYSTEMPATH\CodeIgniter.php(494): CodeIgniter\CodeIgniter->runController(Object(App\Controllers\Carrera))
 7 SYSTEMPATH\CodeIgniter.php(353): CodeIgniter\CodeIgniter->handleRequest(null, Object(Config\Cache), false)
 8 FCPATH\index.php(79): CodeIgniter\CodeIgniter->run()
 9 SYSTEMPATH\Commands\Server\rewrite.php(47): require_once('C:\\xampp\\htdocs\\DesarrolloAppWeb2023\\public\\index.php')
CRITICAL - 2023-10-14 01:19:12 --> Undefined property: stdClass::$idCarrera
in APPPATH\Views\carrera\mostrar.php on line 16.
 1 APPPATH\Views\carrera\mostrar.php(16): CodeIgniter\Debug\Exceptions->errorHandler(2, 'Undefined property: stdClass::$idCarrera', 'C:\\xampp\\htdocs\\DesarrolloAppWeb2023\\app\\Views\\carrera\\mostrar.php', 16)
 2 SYSTEMPATH\View\View.php(226): include('C:\\xampp\\htdocs\\DesarrolloAppWeb2023\\app\\Views\\carrera\\mostrar.php')
 3 SYSTEMPATH\View\View.php(229): CodeIgniter\View\View->CodeIgniter\View\{closure}()
 4 SYSTEMPATH\Common.php(1188): CodeIgniter\View\View->render('carrera/mostrar', [], true)
 5 APPPATH\Controllers\Carrera.php(20): view('carrera/mostrar', [...])
 6 SYSTEMPATH\CodeIgniter.php(919): App\Controllers\Carrera->mostrar()
 7 SYSTEMPATH\CodeIgniter.php(494): CodeIgniter\CodeIgniter->runController(Object(App\Controllers\Carrera))
 8 SYSTEMPATH\CodeIgniter.php(353): CodeIgniter\CodeIgniter->handleRequest(null, Object(Config\Cache), false)
 9 FCPATH\index.php(79): CodeIgniter\CodeIgniter->run()
10 SYSTEMPATH\Commands\Server\rewrite.php(47): require_once('C:\\xampp\\htdocs\\DesarrolloAppWeb2023\\public\\index.php')
CRITICAL - 2023-10-14 01:20:44 --> Undefined variable $idCarrera
in APPPATH\Views\carrera\mostrar.php on line 16.
 1 APPPATH\Views\carrera\mostrar.php(16): CodeIgniter\Debug\Exceptions->errorHandler(2, 'Undefined variable $idCarrera', 'C:\\xampp\\htdocs\\DesarrolloAppWeb2023\\app\\Views\\carrera\\mostrar.php', 16)
 2 SYSTEMPATH\View\View.php(226): include('C:\\xampp\\htdocs\\DesarrolloAppWeb2023\\app\\Views\\carrera\\mostrar.php')
 3 SYSTEMPATH\View\View.php(229): CodeIgniter\View\View->CodeIgniter\View\{closure}()
 4 SYSTEMPATH\Common.php(1188): CodeIgniter\View\View->render('carrera/mostrar', [], true)
 5 APPPATH\Controllers\Carrera.php(20): view('carrera/mostrar', [...])
 6 SYSTEMPATH\CodeIgniter.php(919): App\Controllers\Carrera->mostrar()
 7 SYSTEMPATH\CodeIgniter.php(494): CodeIgniter\CodeIgniter->runController(Object(App\Controllers\Carrera))
 8 SYSTEMPATH\CodeIgniter.php(353): CodeIgniter\CodeIgniter->handleRequest(null, Object(Config\Cache), false)
 9 FCPATH\index.php(79): CodeIgniter\CodeIgniter->run()
10 SYSTEMPATH\Commands\Server\rewrite.php(47): require_once('C:\\xampp\\htdocs\\DesarrolloAppWeb2023\\public\\index.php')
CRITICAL - 2023-10-14 01:22:17 --> Undefined variable $idCarrera
in APPPATH\Views\carrera\mostrar.php on line 16.
 1 APPPATH\Views\carrera\mostrar.php(16): CodeIgniter\Debug\Exceptions->errorHandler(2, 'Undefined variable $idCarrera', 'C:\\xampp\\htdocs\\DesarrolloAppWeb2023\\app\\Views\\carrera\\mostrar.php', 16)
 2 SYSTEMPATH\View\View.php(226): include('C:\\xampp\\htdocs\\DesarrolloAppWeb2023\\app\\Views\\carrera\\mostrar.php')
 3 SYSTEMPATH\View\View.php(229): CodeIgniter\View\View->CodeIgniter\View\{closure}()
 4 SYSTEMPATH\Common.php(1188): CodeIgniter\View\View->render('carrera/mostrar', [], true)
 5 APPPATH\Controllers\Carrera.php(20): view('carrera/mostrar', [...])
 6 SYSTEMPATH\CodeIgniter.php(919): App\Controllers\Carrera->mostrar()
 7 SYSTEMPATH\CodeIgniter.php(494): CodeIgniter\CodeIgniter->runController(Object(App\Controllers\Carrera))
 8 SYSTEMPATH\CodeIgniter.php(353): CodeIgniter\CodeIgniter->handleRequest(null, Object(Config\Cache), false)
 9 FCPATH\index.php(79): CodeIgniter\CodeIgniter->run()
10 SYSTEMPATH\Commands\Server\rewrite.php(47): require_once('C:\\xampp\\htdocs\\DesarrolloAppWeb2023\\public\\index.php')
CRITICAL - 2023-10-14 01:23:09 --> Undefined property: stdClass::$idCarrera
in APPPATH\Views\carrera\mostrar.php on line 16.
 1 APPPATH\Views\carrera\mostrar.php(16): CodeIgniter\Debug\Exceptions->errorHandler(2, 'Undefined property: stdClass::$idCarrera', 'C:\\xampp\\htdocs\\DesarrolloAppWeb2023\\app\\Views\\carrera\\mostrar.php', 16)
 2 SYSTEMPATH\View\View.php(226): include('C:\\xampp\\htdocs\\DesarrolloAppWeb2023\\app\\Views\\carrera\\mostrar.php')
 3 SYSTEMPATH\View\View.php(229): CodeIgniter\View\View->CodeIgniter\View\{closure}()
 4 SYSTEMPATH\Common.php(1188): CodeIgniter\View\View->render('carrera/mostrar', [], true)
 5 APPPATH\Controllers\Carrera.php(20): view('carrera/mostrar', [...])
 6 SYSTEMPATH\CodeIgniter.php(919): App\Controllers\Carrera->mostrar()
 7 SYSTEMPATH\CodeIgniter.php(494): CodeIgniter\CodeIgniter->runController(Object(App\Controllers\Carrera))
 8 SYSTEMPATH\CodeIgniter.php(353): CodeIgniter\CodeIgniter->handleRequest(null, Object(Config\Cache), false)
 9 FCPATH\index.php(79): CodeIgniter\CodeIgniter->run()
10 SYSTEMPATH\Commands\Server\rewrite.php(47): require_once('C:\\xampp\\htdocs\\DesarrolloAppWeb2023\\public\\index.php')
CRITICAL - 2023-10-14 01:25:20 --> Undefined variable $carreras
in APPPATH\Views\carrera\buscar.php on line 30.
 1 APPPATH\Views\carrera\buscar.php(30): CodeIgniter\Debug\Exceptions->errorHandler(2, 'Undefined variable $carreras', 'C:\\xampp\\htdocs\\DesarrolloAppWeb2023\\app\\Views\\carrera\\buscar.php', 30)
 2 SYSTEMPATH\View\View.php(226): include('C:\\xampp\\htdocs\\DesarrolloAppWeb2023\\app\\Views\\carrera\\buscar.php')
 3 SYSTEMPATH\View\View.php(229): CodeIgniter\View\View->CodeIgniter\View\{closure}()
 4 SYSTEMPATH\Common.php(1188): CodeIgniter\View\View->render('carrera/buscar', [], true)
 5 APPPATH\Controllers\Carrera.php(117): view('carrera/buscar', [...])
 6 SYSTEMPATH\CodeIgniter.php(919): App\Controllers\Carrera->buscar()
 7 SYSTEMPATH\CodeIgniter.php(494): CodeIgniter\CodeIgniter->runController(Object(App\Controllers\Carrera))
 8 SYSTEMPATH\CodeIgniter.php(353): CodeIgniter\CodeIgniter->handleRequest(null, Object(Config\Cache), false)
 9 FCPATH\index.php(79): CodeIgniter\CodeIgniter->run()
10 SYSTEMPATH\Commands\Server\rewrite.php(47): require_once('C:\\xampp\\htdocs\\DesarrolloAppWeb2023\\public\\index.php')
CRITICAL - 2023-10-14 01:28:25 --> Undefined property: stdClass::$nombreCorto
in APPPATH\Views\carrera\buscar.php on line 33.
 1 APPPATH\Views\carrera\buscar.php(33): CodeIgniter\Debug\Exceptions->errorHandler(2, 'Undefined property: stdClass::$nombreCorto', 'C:\\xampp\\htdocs\\DesarrolloAppWeb2023\\app\\Views\\carrera\\buscar.php', 33)
 2 SYSTEMPATH\View\View.php(226): include('C:\\xampp\\htdocs\\DesarrolloAppWeb2023\\app\\Views\\carrera\\buscar.php')
 3 SYSTEMPATH\View\View.php(229): CodeIgniter\View\View->CodeIgniter\View\{closure}()
 4 SYSTEMPATH\Common.php(1188): CodeIgniter\View\View->render('carrera/buscar', [], true)
 5 APPPATH\Controllers\Carrera.php(110): view('carrera/buscar', [...])
 6 SYSTEMPATH\CodeIgniter.php(919): App\Controllers\Carrera->buscar()
 7 SYSTEMPATH\CodeIgniter.php(494): CodeIgniter\CodeIgniter->runController(Object(App\Controllers\Carrera))
 8 SYSTEMPATH\CodeIgniter.php(353): CodeIgniter\CodeIgniter->handleRequest(null, Object(Config\Cache), false)
 9 FCPATH\index.php(79): CodeIgniter\CodeIgniter->run()
10 SYSTEMPATH\Commands\Server\rewrite.php(47): require_once('C:\\xampp\\htdocs\\DesarrolloAppWeb2023\\public\\index.php')
CRITICAL - 2023-10-14 01:29:10 --> Undefined property: stdClass::$idCarrera
in APPPATH\Views\carrera\editar.php on line 11.
 1 APPPATH\Views\carrera\editar.php(11): CodeIgniter\Debug\Exceptions->errorHandler(2, 'Undefined property: stdClass::$idCarrera', 'C:\\xampp\\htdocs\\DesarrolloAppWeb2023\\app\\Views\\carrera\\editar.php', 11)
 2 SYSTEMPATH\View\View.php(226): include('C:\\xampp\\htdocs\\DesarrolloAppWeb2023\\app\\Views\\carrera\\editar.php')
 3 SYSTEMPATH\View\View.php(229): CodeIgniter\View\View->CodeIgniter\View\{closure}()
 4 SYSTEMPATH\Common.php(1188): CodeIgniter\View\View->render('carrera/editar', [], true)
 5 APPPATH\Controllers\Carrera.php(77): view('carrera/editar', [...])
 6 SYSTEMPATH\CodeIgniter.php(919): App\Controllers\Carrera->editar('35')
 7 SYSTEMPATH\CodeIgniter.php(494): CodeIgniter\CodeIgniter->runController(Object(App\Controllers\Carrera))
 8 SYSTEMPATH\CodeIgniter.php(353): CodeIgniter\CodeIgniter->handleRequest(null, Object(Config\Cache), false)
 9 FCPATH\index.php(79): CodeIgniter\CodeIgniter->run()
10 SYSTEMPATH\Commands\Server\rewrite.php(47): require_once('C:\\xampp\\htdocs\\DesarrolloAppWeb2023\\public\\index.php')
CRITICAL - 2023-10-14 01:32:03 --> Undefined array key "idCarrera"
in APPPATH\Controllers\Carrera.php on line 88.
 1 APPPATH\Controllers\Carrera.php(88): CodeIgniter\Debug\Exceptions->errorHandler(2, 'Undefined array key "idCarrera"', 'C:\\xampp\\htdocs\\DesarrolloAppWeb2023\\app\\Controllers\\Carrera.php', 88)
 2 SYSTEMPATH\CodeIgniter.php(919): App\Controllers\Carrera->update()
 3 SYSTEMPATH\CodeIgniter.php(494): CodeIgniter\CodeIgniter->runController(Object(App\Controllers\Carrera))
 4 SYSTEMPATH\CodeIgniter.php(353): CodeIgniter\CodeIgniter->handleRequest(null, Object(Config\Cache), false)
 5 FCPATH\index.php(79): CodeIgniter\CodeIgniter->run()
 6 SYSTEMPATH\Commands\Server\rewrite.php(47): require_once('C:\\xampp\\htdocs\\DesarrolloAppWeb2023\\public\\index.php')
CRITICAL - 2023-10-14 01:33:21 --> syntax error, unexpected token ";", expecting ")"
in APPPATH\Controllers\Carrera.php on line 73.
 1 SYSTEMPATH\Autoloader\Autoloader.php(285): CodeIgniter\Autoloader\Autoloader->includeFile('C:\\xampp\\htdocs\\DesarrolloAppWeb2023\\app\\Controllers\\Carrera.php')
 2 SYSTEMPATH\Autoloader\Autoloader.php(263): CodeIgniter\Autoloader\Autoloader->loadInNamespace('App\\Controllers\\Carrera')
 3 [internal function]: CodeIgniter\Autoloader\Autoloader->loadClass('App\\Controllers\\Carrera')
 4 SYSTEMPATH\CodeIgniter.php(877): class_exists('\\App\\Controllers\\Carrera', true)
 5 SYSTEMPATH\CodeIgniter.php(481): CodeIgniter\CodeIgniter->startController()
 6 SYSTEMPATH\CodeIgniter.php(353): CodeIgniter\CodeIgniter->handleRequest(null, Object(Config\Cache), false)
 7 FCPATH\index.php(79): CodeIgniter\CodeIgniter->run()
 8 SYSTEMPATH\Commands\Server\rewrite.php(47): require_once('C:\\xampp\\htdocs\\DesarrolloAppWeb2023\\public\\index.php')
CRITICAL - 2023-10-14 01:34:17 --> Undefined property: stdClass::$nombreCorto
in APPPATH\Views\carrera\buscar.php on line 33.
 1 APPPATH\Views\carrera\buscar.php(33): CodeIgniter\Debug\Exceptions->errorHandler(2, 'Undefined property: stdClass::$nombreCorto', 'C:\\xampp\\htdocs\\DesarrolloAppWeb2023\\app\\Views\\carrera\\buscar.php', 33)
 2 SYSTEMPATH\View\View.php(226): include('C:\\xampp\\htdocs\\DesarrolloAppWeb2023\\app\\Views\\carrera\\buscar.php')
 3 SYSTEMPATH\View\View.php(229): CodeIgniter\View\View->CodeIgniter\View\{closure}()
 4 SYSTEMPATH\Common.php(1188): CodeIgniter\View\View->render('carrera/buscar', [], true)
 5 APPPATH\Controllers\Carrera.php(110): view('carrera/buscar', [...])
 6 SYSTEMPATH\CodeIgniter.php(919): App\Controllers\Carrera->buscar()
 7 SYSTEMPATH\CodeIgniter.php(494): CodeIgniter\CodeIgniter->runController(Object(App\Controllers\Carrera))
 8 SYSTEMPATH\CodeIgniter.php(353): CodeIgniter\CodeIgniter->handleRequest(null, Object(Config\Cache), false)
 9 FCPATH\index.php(79): CodeIgniter\CodeIgniter->run()
10 SYSTEMPATH\Commands\Server\rewrite.php(47): require_once('C:\\xampp\\htdocs\\DesarrolloAppWeb2023\\public\\index.php')
CRITICAL - 2023-10-14 01:35:04 --> Undefined variable $materiaModel
in APPPATH\Controllers\Carrera.php on line 98.
 1 APPPATH\Controllers\Carrera.php(98): CodeIgniter\Debug\Exceptions->errorHandler(2, 'Undefined variable $materiaModel', 'C:\\xampp\\htdocs\\DesarrolloAppWeb2023\\app\\Controllers\\Carrera.php', 98)
 2 SYSTEMPATH\CodeIgniter.php(919): App\Controllers\Carrera->buscar()
 3 SYSTEMPATH\CodeIgniter.php(494): CodeIgniter\CodeIgniter->runController(Object(App\Controllers\Carrera))
 4 SYSTEMPATH\CodeIgniter.php(353): CodeIgniter\CodeIgniter->handleRequest(null, Object(Config\Cache), false)
 5 FCPATH\index.php(79): CodeIgniter\CodeIgniter->run()
 6 SYSTEMPATH\Commands\Server\rewrite.php(47): require_once('C:\\xampp\\htdocs\\DesarrolloAppWeb2023\\public\\index.php')
CRITICAL - 2023-10-14 01:36:51 --> Undefined variable $materiaModel
in APPPATH\Controllers\Carrera.php on line 98.
 1 APPPATH\Controllers\Carrera.php(98): CodeIgniter\Debug\Exceptions->errorHandler(2, 'Undefined variable $materiaModel', 'C:\\xampp\\htdocs\\DesarrolloAppWeb2023\\app\\Controllers\\Carrera.php', 98)
 2 SYSTEMPATH\CodeIgniter.php(919): App\Controllers\Carrera->buscar()
 3 SYSTEMPATH\CodeIgniter.php(494): CodeIgniter\CodeIgniter->runController(Object(App\Controllers\Carrera))
 4 SYSTEMPATH\CodeIgniter.php(353): CodeIgniter\CodeIgniter->handleRequest(null, Object(Config\Cache), false)
 5 FCPATH\index.php(79): CodeIgniter\CodeIgniter->run()
 6 SYSTEMPATH\Commands\Server\rewrite.php(47): require_once('C:\\xampp\\htdocs\\DesarrolloAppWeb2023\\public\\index.php')
CRITICAL - 2023-10-14 01:37:12 --> Undefined variable $materiaModel
in APPPATH\Controllers\Carrera.php on line 98.
 1 APPPATH\Controllers\Carrera.php(98): CodeIgniter\Debug\Exceptions->errorHandler(2, 'Undefined variable $materiaModel', 'C:\\xampp\\htdocs\\DesarrolloAppWeb2023\\app\\Controllers\\Carrera.php', 98)
 2 SYSTEMPATH\CodeIgniter.php(919): App\Controllers\Carrera->buscar()
 3 SYSTEMPATH\CodeIgniter.php(494): CodeIgniter\CodeIgniter->runController(Object(App\Controllers\Carrera))
 4 SYSTEMPATH\CodeIgniter.php(353): CodeIgniter\CodeIgniter->handleRequest(null, Object(Config\Cache), false)
 5 FCPATH\index.php(79): CodeIgniter\CodeIgniter->run()
 6 SYSTEMPATH\Commands\Server\rewrite.php(47): require_once('C:\\xampp\\htdocs\\DesarrolloAppWeb2023\\public\\index.php')
CRITICAL - 2023-10-14 01:38:19 --> Undefined variable $materiaModel
in APPPATH\Controllers\Carrera.php on line 98.
 1 APPPATH\Controllers\Carrera.php(98): CodeIgniter\Debug\Exceptions->errorHandler(2, 'Undefined variable $materiaModel', 'C:\\xampp\\htdocs\\DesarrolloAppWeb2023\\app\\Controllers\\Carrera.php', 98)
 2 SYSTEMPATH\CodeIgniter.php(919): App\Controllers\Carrera->buscar()
 3 SYSTEMPATH\CodeIgniter.php(494): CodeIgniter\CodeIgniter->runController(Object(App\Controllers\Carrera))
 4 SYSTEMPATH\CodeIgniter.php(353): CodeIgniter\CodeIgniter->handleRequest(null, Object(Config\Cache), false)
 5 FCPATH\index.php(79): CodeIgniter\CodeIgniter->run()
 6 SYSTEMPATH\Commands\Server\rewrite.php(47): require_once('C:\\xampp\\htdocs\\DesarrolloAppWeb2023\\public\\index.php')
