ERROR - 2023-10-26 17:24:36 --> mysqli_sql_exception: Table 'estudiantec.alumnos' doesn't exist in C:\xampp\htdocs\DesarrolloAppWeb2023\system\Database\MySQLi\Connection.php:306
Stack trace:
#0 C:\xampp\htdocs\DesarrolloAppWeb2023\system\Database\MySQLi\Connection.php(306): mysqli->query('select * from a...', 0)
#1 C:\xampp\htdocs\DesarrolloAppWeb2023\system\Database\BaseConnection.php(692): CodeIgniter\Database\MySQLi\Connection->execute('select * from a...')
#2 C:\xampp\htdocs\DesarrolloAppWeb2023\system\Database\BaseConnection.php(606): CodeIgniter\Database\BaseConnection->simpleQuery('select * from a...')
#3 C:\xampp\htdocs\DesarrolloAppWeb2023\app\Controllers\Home.php(11): CodeIgniter\Database\BaseConnection->query('select * from a...')
#4 C:\xampp\htdocs\DesarrolloAppWeb2023\system\CodeIgniter.php(919): App\Controllers\Home->index()
#5 C:\xampp\htdocs\DesarrolloAppWeb2023\system\CodeIgniter.php(494): CodeIgniter\CodeIgniter->runController(Object(App\Controllers\Home))
#6 C:\xampp\htdocs\DesarrolloAppWeb2023\system\CodeIgniter.php(353): CodeIgniter\CodeIgniter->handleRequest(NULL, Object(Config\Cache), false)
#7 C:\xampp\htdocs\DesarrolloAppWeb2023\public\index.php(79): CodeIgniter\CodeIgniter->run()
#8 C:\xampp\htdocs\DesarrolloAppWeb2023\system\Commands\Server\rewrite.php(47): require_once('C:\\xampp\\htdocs...')
#9 {main}
CRITICAL - 2023-10-26 17:24:36 --> Table 'estudiantec.alumnos' doesn't exist
in SYSTEMPATH\Database\BaseConnection.php on line 646.
 1 APPPATH\Controllers\Home.php(11): CodeIgniter\Database\BaseConnection->query('select * from alumnos')
 2 SYSTEMPATH\CodeIgniter.php(919): App\Controllers\Home->index()
 3 SYSTEMPATH\CodeIgniter.php(494): CodeIgniter\CodeIgniter->runController(Object(App\Controllers\Home))
 4 SYSTEMPATH\CodeIgniter.php(353): CodeIgniter\CodeIgniter->handleRequest(null, Object(Config\Cache), false)
 5 FCPATH\index.php(79): CodeIgniter\CodeIgniter->run()
 6 SYSTEMPATH\Commands\Server\rewrite.php(47): require_once('C:\\xampp\\htdocs\\DesarrolloAppWeb2023\\public\\index.php')
CRITICAL - 2023-10-26 17:27:12 --> Undefined variable $alumon
in APPPATH\Views\home\listaAlumnos.php on line 7.
 1 APPPATH\Views\home\listaAlumnos.php(7): CodeIgniter\Debug\Exceptions->errorHandler(2, 'Undefined variable $alumon', 'C:\\xampp\\htdocs\\DesarrolloAppWeb2023\\app\\Views\\home\\listaAlumnos.php', 7)
 2 SYSTEMPATH\View\View.php(226): include('C:\\xampp\\htdocs\\DesarrolloAppWeb2023\\app\\Views\\home\\listaAlumnos.php')
 3 SYSTEMPATH\View\View.php(229): CodeIgniter\View\View->CodeIgniter\View\{closure}()
 4 SYSTEMPATH\Common.php(1188): CodeIgniter\View\View->render('home/listaAlumnos', [], true)
 5 APPPATH\Controllers\Home.php(16): view('home/listaAlumnos', [...])
 6 SYSTEMPATH\CodeIgniter.php(919): App\Controllers\Home->index()
 7 SYSTEMPATH\CodeIgniter.php(494): CodeIgniter\CodeIgniter->runController(Object(App\Controllers\Home))
 8 SYSTEMPATH\CodeIgniter.php(353): CodeIgniter\CodeIgniter->handleRequest(null, Object(Config\Cache), false)
 9 FCPATH\index.php(79): CodeIgniter\CodeIgniter->run()
10 SYSTEMPATH\Commands\Server\rewrite.php(47): require_once('C:\\xampp\\htdocs\\DesarrolloAppWeb2023\\public\\index.php')
CRITICAL - 2023-10-26 17:27:20 --> Undefined variable $alumno
in APPPATH\Views\home\listaAlumnos.php on line 7.
 1 APPPATH\Views\home\listaAlumnos.php(7): CodeIgniter\Debug\Exceptions->errorHandler(2, 'Undefined variable $alumno', 'C:\\xampp\\htdocs\\DesarrolloAppWeb2023\\app\\Views\\home\\listaAlumnos.php', 7)
 2 SYSTEMPATH\View\View.php(226): include('C:\\xampp\\htdocs\\DesarrolloAppWeb2023\\app\\Views\\home\\listaAlumnos.php')
 3 SYSTEMPATH\View\View.php(229): CodeIgniter\View\View->CodeIgniter\View\{closure}()
 4 SYSTEMPATH\Common.php(1188): CodeIgniter\View\View->render('home/listaAlumnos', [], true)
 5 APPPATH\Controllers\Home.php(16): view('home/listaAlumnos', [...])
 6 SYSTEMPATH\CodeIgniter.php(919): App\Controllers\Home->index()
 7 SYSTEMPATH\CodeIgniter.php(494): CodeIgniter\CodeIgniter->runController(Object(App\Controllers\Home))
 8 SYSTEMPATH\CodeIgniter.php(353): CodeIgniter\CodeIgniter->handleRequest(null, Object(Config\Cache), false)
 9 FCPATH\index.php(79): CodeIgniter\CodeIgniter->run()
10 SYSTEMPATH\Commands\Server\rewrite.php(47): require_once('C:\\xampp\\htdocs\\DesarrolloAppWeb2023\\public\\index.php')
CRITICAL - 2023-10-26 17:27:30 --> Attempt to read property "nombre" on array
in APPPATH\Views\home\listaAlumnos.php on line 7.
 1 APPPATH\Views\home\listaAlumnos.php(7): CodeIgniter\Debug\Exceptions->errorHandler(2, 'Attempt to read property "nombre" on array', 'C:\\xampp\\htdocs\\DesarrolloAppWeb2023\\app\\Views\\home\\listaAlumnos.php', 7)
 2 SYSTEMPATH\View\View.php(226): include('C:\\xampp\\htdocs\\DesarrolloAppWeb2023\\app\\Views\\home\\listaAlumnos.php')
 3 SYSTEMPATH\View\View.php(229): CodeIgniter\View\View->CodeIgniter\View\{closure}()
 4 SYSTEMPATH\Common.php(1188): CodeIgniter\View\View->render('home/listaAlumnos', [], true)
 5 APPPATH\Controllers\Home.php(16): view('home/listaAlumnos', [...])
 6 SYSTEMPATH\CodeIgniter.php(919): App\Controllers\Home->index()
 7 SYSTEMPATH\CodeIgniter.php(494): CodeIgniter\CodeIgniter->runController(Object(App\Controllers\Home))
 8 SYSTEMPATH\CodeIgniter.php(353): CodeIgniter\CodeIgniter->handleRequest(null, Object(Config\Cache), false)
 9 FCPATH\index.php(79): CodeIgniter\CodeIgniter->run()
10 SYSTEMPATH\Commands\Server\rewrite.php(47): require_once('C:\\xampp\\htdocs\\DesarrolloAppWeb2023\\public\\index.php')
CRITICAL - 2023-10-26 17:27:55 --> Attempt to read property "nombre" on array
in APPPATH\Views\home\listaAlumnos.php on line 7.
 1 APPPATH\Views\home\listaAlumnos.php(7): CodeIgniter\Debug\Exceptions->errorHandler(2, 'Attempt to read property "nombre" on array', 'C:\\xampp\\htdocs\\DesarrolloAppWeb2023\\app\\Views\\home\\listaAlumnos.php', 7)
 2 SYSTEMPATH\View\View.php(226): include('C:\\xampp\\htdocs\\DesarrolloAppWeb2023\\app\\Views\\home\\listaAlumnos.php')
 3 SYSTEMPATH\View\View.php(229): CodeIgniter\View\View->CodeIgniter\View\{closure}()
 4 SYSTEMPATH\Common.php(1188): CodeIgniter\View\View->render('home/listaAlumnos', [], true)
 5 APPPATH\Controllers\Home.php(16): view('home/listaAlumnos', [...])
 6 SYSTEMPATH\CodeIgniter.php(919): App\Controllers\Home->index()
 7 SYSTEMPATH\CodeIgniter.php(494): CodeIgniter\CodeIgniter->runController(Object(App\Controllers\Home))
 8 SYSTEMPATH\CodeIgniter.php(353): CodeIgniter\CodeIgniter->handleRequest(null, Object(Config\Cache), false)
 9 FCPATH\index.php(79): CodeIgniter\CodeIgniter->run()
10 SYSTEMPATH\Commands\Server\rewrite.php(47): require_once('C:\\xampp\\htdocs\\DesarrolloAppWeb2023\\public\\index.php')
CRITICAL - 2023-10-26 17:28:07 --> Attempt to read property "nombre" on array
in APPPATH\Views\home\listaAlumnos.php on line 7.
 1 APPPATH\Views\home\listaAlumnos.php(7): CodeIgniter\Debug\Exceptions->errorHandler(2, 'Attempt to read property "nombre" on array', 'C:\\xampp\\htdocs\\DesarrolloAppWeb2023\\app\\Views\\home\\listaAlumnos.php', 7)
 2 SYSTEMPATH\View\View.php(226): include('C:\\xampp\\htdocs\\DesarrolloAppWeb2023\\app\\Views\\home\\listaAlumnos.php')
 3 SYSTEMPATH\View\View.php(229): CodeIgniter\View\View->CodeIgniter\View\{closure}()
 4 SYSTEMPATH\Common.php(1188): CodeIgniter\View\View->render('home/listaAlumnos', [], true)
 5 APPPATH\Controllers\Home.php(16): view('home/listaAlumnos', [...])
 6 SYSTEMPATH\CodeIgniter.php(919): App\Controllers\Home->index()
 7 SYSTEMPATH\CodeIgniter.php(494): CodeIgniter\CodeIgniter->runController(Object(App\Controllers\Home))
 8 SYSTEMPATH\CodeIgniter.php(353): CodeIgniter\CodeIgniter->handleRequest(null, Object(Config\Cache), false)
 9 FCPATH\index.php(79): CodeIgniter\CodeIgniter->run()
10 SYSTEMPATH\Commands\Server\rewrite.php(47): require_once('C:\\xampp\\htdocs\\DesarrolloAppWeb2023\\public\\index.php')
ERROR - 2023-10-26 17:28:28 --> mysqli_sql_exception: Table 'estudiantec.alumnos' doesn't exist in C:\xampp\htdocs\DesarrolloAppWeb2023\system\Database\MySQLi\Connection.php:306
Stack trace:
#0 C:\xampp\htdocs\DesarrolloAppWeb2023\system\Database\MySQLi\Connection.php(306): mysqli->query('select * from a...', 0)
#1 C:\xampp\htdocs\DesarrolloAppWeb2023\system\Database\BaseConnection.php(692): CodeIgniter\Database\MySQLi\Connection->execute('select * from a...')
#2 C:\xampp\htdocs\DesarrolloAppWeb2023\system\Database\BaseConnection.php(606): CodeIgniter\Database\BaseConnection->simpleQuery('select * from a...')
#3 C:\xampp\htdocs\DesarrolloAppWeb2023\app\Controllers\Home.php(11): CodeIgniter\Database\BaseConnection->query('select * from a...')
#4 C:\xampp\htdocs\DesarrolloAppWeb2023\system\CodeIgniter.php(919): App\Controllers\Home->index()
#5 C:\xampp\htdocs\DesarrolloAppWeb2023\system\CodeIgniter.php(494): CodeIgniter\CodeIgniter->runController(Object(App\Controllers\Home))
#6 C:\xampp\htdocs\DesarrolloAppWeb2023\system\CodeIgniter.php(353): CodeIgniter\CodeIgniter->handleRequest(NULL, Object(Config\Cache), false)
#7 C:\xampp\htdocs\DesarrolloAppWeb2023\public\index.php(79): CodeIgniter\CodeIgniter->run()
#8 C:\xampp\htdocs\DesarrolloAppWeb2023\system\Commands\Server\rewrite.php(47): require_once('C:\\xampp\\htdocs...')
#9 {main}
CRITICAL - 2023-10-26 17:28:28 --> Table 'estudiantec.alumnos' doesn't exist
in SYSTEMPATH\Database\BaseConnection.php on line 646.
 1 APPPATH\Controllers\Home.php(11): CodeIgniter\Database\BaseConnection->query('select * from alumnos')
 2 SYSTEMPATH\CodeIgniter.php(919): App\Controllers\Home->index()
 3 SYSTEMPATH\CodeIgniter.php(494): CodeIgniter\CodeIgniter->runController(Object(App\Controllers\Home))
 4 SYSTEMPATH\CodeIgniter.php(353): CodeIgniter\CodeIgniter->handleRequest(null, Object(Config\Cache), false)
 5 FCPATH\index.php(79): CodeIgniter\CodeIgniter->run()
 6 SYSTEMPATH\Commands\Server\rewrite.php(47): require_once('C:\\xampp\\htdocs\\DesarrolloAppWeb2023\\public\\index.php')
ERROR - 2023-10-26 17:28:38 --> mysqli_sql_exception: Table 'estudiantec.alumnos' doesn't exist in C:\xampp\htdocs\DesarrolloAppWeb2023\system\Database\MySQLi\Connection.php:306
Stack trace:
#0 C:\xampp\htdocs\DesarrolloAppWeb2023\system\Database\MySQLi\Connection.php(306): mysqli->query('select * from a...', 0)
#1 C:\xampp\htdocs\DesarrolloAppWeb2023\system\Database\BaseConnection.php(692): CodeIgniter\Database\MySQLi\Connection->execute('select * from a...')
#2 C:\xampp\htdocs\DesarrolloAppWeb2023\system\Database\BaseConnection.php(606): CodeIgniter\Database\BaseConnection->simpleQuery('select * from a...')
#3 C:\xampp\htdocs\DesarrolloAppWeb2023\app\Controllers\Home.php(11): CodeIgniter\Database\BaseConnection->query('select * from a...')
#4 C:\xampp\htdocs\DesarrolloAppWeb2023\system\CodeIgniter.php(919): App\Controllers\Home->index()
#5 C:\xampp\htdocs\DesarrolloAppWeb2023\system\CodeIgniter.php(494): CodeIgniter\CodeIgniter->runController(Object(App\Controllers\Home))
#6 C:\xampp\htdocs\DesarrolloAppWeb2023\system\CodeIgniter.php(353): CodeIgniter\CodeIgniter->handleRequest(NULL, Object(Config\Cache), false)
#7 C:\xampp\htdocs\DesarrolloAppWeb2023\public\index.php(79): CodeIgniter\CodeIgniter->run()
#8 C:\xampp\htdocs\DesarrolloAppWeb2023\system\Commands\Server\rewrite.php(47): require_once('C:\\xampp\\htdocs...')
#9 {main}
CRITICAL - 2023-10-26 17:28:38 --> Table 'estudiantec.alumnos' doesn't exist
in SYSTEMPATH\Database\BaseConnection.php on line 646.
 1 APPPATH\Controllers\Home.php(11): CodeIgniter\Database\BaseConnection->query('select * from alumnos')
 2 SYSTEMPATH\CodeIgniter.php(919): App\Controllers\Home->index()
 3 SYSTEMPATH\CodeIgniter.php(494): CodeIgniter\CodeIgniter->runController(Object(App\Controllers\Home))
 4 SYSTEMPATH\CodeIgniter.php(353): CodeIgniter\CodeIgniter->handleRequest(null, Object(Config\Cache), false)
 5 FCPATH\index.php(79): CodeIgniter\CodeIgniter->run()
 6 SYSTEMPATH\Commands\Server\rewrite.php(47): require_once('C:\\xampp\\htdocs\\DesarrolloAppWeb2023\\public\\index.php')
CRITICAL - 2023-10-26 17:29:32 --> syntax error, unexpected token "endforeach", expecting end of file
in APPPATH\Views\home\listaAlumnos.php on line 14.
 1 SYSTEMPATH\View\View.php(229): CodeIgniter\View\View->CodeIgniter\View\{closure}()
 2 SYSTEMPATH\Common.php(1188): CodeIgniter\View\View->render('home/listaAlumnos', [], true)
 3 APPPATH\Controllers\Home.php(16): view('home/listaAlumnos', [...])
 4 SYSTEMPATH\CodeIgniter.php(919): App\Controllers\Home->index()
 5 SYSTEMPATH\CodeIgniter.php(494): CodeIgniter\CodeIgniter->runController(Object(App\Controllers\Home))
 6 SYSTEMPATH\CodeIgniter.php(353): CodeIgniter\CodeIgniter->handleRequest(null, Object(Config\Cache), false)
 7 FCPATH\index.php(79): CodeIgniter\CodeIgniter->run()
 8 SYSTEMPATH\Commands\Server\rewrite.php(47): require_once('C:\\xampp\\htdocs\\DesarrolloAppWeb2023\\public\\index.php')
CRITICAL - 2023-10-26 17:34:34 --> Undefined variable $alumo
in APPPATH\Views\home\listaAlumnos.php on line 9.
 1 APPPATH\Views\home\listaAlumnos.php(9): CodeIgniter\Debug\Exceptions->errorHandler(2, 'Undefined variable $alumo', 'C:\\xampp\\htdocs\\DesarrolloAppWeb2023\\app\\Views\\home\\listaAlumnos.php', 9)
 2 SYSTEMPATH\View\View.php(226): include('C:\\xampp\\htdocs\\DesarrolloAppWeb2023\\app\\Views\\home\\listaAlumnos.php')
 3 SYSTEMPATH\View\View.php(229): CodeIgniter\View\View->CodeIgniter\View\{closure}()
 4 SYSTEMPATH\Common.php(1188): CodeIgniter\View\View->render('home/listaAlumnos', [], true)
 5 APPPATH\Controllers\Home.php(16): view('home/listaAlumnos', [...])
 6 SYSTEMPATH\CodeIgniter.php(919): App\Controllers\Home->index()
 7 SYSTEMPATH\CodeIgniter.php(494): CodeIgniter\CodeIgniter->runController(Object(App\Controllers\Home))
 8 SYSTEMPATH\CodeIgniter.php(353): CodeIgniter\CodeIgniter->handleRequest(null, Object(Config\Cache), false)
 9 FCPATH\index.php(79): CodeIgniter\CodeIgniter->run()
10 SYSTEMPATH\Commands\Server\rewrite.php(47): require_once('C:\\xampp\\htdocs\\DesarrolloAppWeb2023\\public\\index.php')
